CRITICAL - 2024-02-27 11:54:45 --> Undefined variable $cliente
in APPPATH\Views\clientes\index.php on line 15.
 1 APPPATH\Views\clientes\index.php(15): CodeIgniter\Debug\Exceptions->errorHandler(2, 'Undefined variable $cliente', 'APPPATH\\Views\\clientes\\index.php', 15)
 2 SYSTEMPATH\View\View.php(213): include('APPPATH\\Views\\clientes\\index.php')
 3 SYSTEMPATH\View\View.php(216): CodeIgniter\View\View->CodeIgniter\View\{closure}()
 4 SYSTEMPATH\Common.php(1177): CodeIgniter\View\View->render('clientes/index', [], true)
 5 APPPATH\Controllers\Cliente.php(24): view('clientes/index', [...])
 6 SYSTEMPATH\CodeIgniter.php(934): App\Controllers\Cliente->index()
 7 SYSTEMPATH\CodeIgniter.php(499): CodeIgniter\CodeIgniter->runController(Object(App\Controllers\Cliente))
 8 SYSTEMPATH\CodeIgniter.php(368): CodeIgniter\CodeIgniter->handleRequest(null, Object(Config\Cache), false)
 9 FCPATH\index.php(67): CodeIgniter\CodeIgniter->run()
CRITICAL - 2024-02-27 11:55:04 --> Undefined variable $cliente
in APPPATH\Views\clientes\index.php on line 15.
 1 APPPATH\Views\clientes\index.php(15): CodeIgniter\Debug\Exceptions->errorHandler(2, 'Undefined variable $cliente', 'APPPATH\\Views\\clientes\\index.php', 15)
 2 SYSTEMPATH\View\View.php(213): include('APPPATH\\Views\\clientes\\index.php')
 3 SYSTEMPATH\View\View.php(216): CodeIgniter\View\View->CodeIgniter\View\{closure}()
 4 SYSTEMPATH\Common.php(1177): CodeIgniter\View\View->render('clientes/index', [], true)
 5 APPPATH\Controllers\Cliente.php(24): view('clientes/index', [...])
 6 SYSTEMPATH\CodeIgniter.php(934): App\Controllers\Cliente->index()
 7 SYSTEMPATH\CodeIgniter.php(499): CodeIgniter\CodeIgniter->runController(Object(App\Controllers\Cliente))
 8 SYSTEMPATH\CodeIgniter.php(368): CodeIgniter\CodeIgniter->handleRequest(null, Object(Config\Cache), false)
 9 FCPATH\index.php(67): CodeIgniter\CodeIgniter->run()
CRITICAL - 2024-02-27 11:55:05 --> Undefined variable $cliente
in APPPATH\Views\clientes\index.php on line 15.
 1 APPPATH\Views\clientes\index.php(15): CodeIgniter\Debug\Exceptions->errorHandler(2, 'Undefined variable $cliente', 'APPPATH\\Views\\clientes\\index.php', 15)
 2 SYSTEMPATH\View\View.php(213): include('APPPATH\\Views\\clientes\\index.php')
 3 SYSTEMPATH\View\View.php(216): CodeIgniter\View\View->CodeIgniter\View\{closure}()
 4 SYSTEMPATH\Common.php(1177): CodeIgniter\View\View->render('clientes/index', [], true)
 5 APPPATH\Controllers\Cliente.php(24): view('clientes/index', [...])
 6 SYSTEMPATH\CodeIgniter.php(934): App\Controllers\Cliente->index()
 7 SYSTEMPATH\CodeIgniter.php(499): CodeIgniter\CodeIgniter->runController(Object(App\Controllers\Cliente))
 8 SYSTEMPATH\CodeIgniter.php(368): CodeIgniter\CodeIgniter->handleRequest(null, Object(Config\Cache), false)
 9 FCPATH\index.php(67): CodeIgniter\CodeIgniter->run()
CRITICAL - 2024-02-27 11:55:13 --> Undefined variable $cliente
in APPPATH\Views\clientes\index.php on line 15.
 1 APPPATH\Views\clientes\index.php(15): CodeIgniter\Debug\Exceptions->errorHandler(2, 'Undefined variable $cliente', 'APPPATH\\Views\\clientes\\index.php', 15)
 2 SYSTEMPATH\View\View.php(213): include('APPPATH\\Views\\clientes\\index.php')
 3 SYSTEMPATH\View\View.php(216): CodeIgniter\View\View->CodeIgniter\View\{closure}()
 4 SYSTEMPATH\Common.php(1177): CodeIgniter\View\View->render('clientes/index', [], true)
 5 APPPATH\Controllers\Cliente.php(24): view('clientes/index', [...])
 6 SYSTEMPATH\CodeIgniter.php(934): App\Controllers\Cliente->index()
 7 SYSTEMPATH\CodeIgniter.php(499): CodeIgniter\CodeIgniter->runController(Object(App\Controllers\Cliente))
 8 SYSTEMPATH\CodeIgniter.php(368): CodeIgniter\CodeIgniter->handleRequest(null, Object(Config\Cache), false)
 9 FCPATH\index.php(67): CodeIgniter\CodeIgniter->run()
CRITICAL - 2024-02-27 11:56:11 --> Undefined variable $cliente
in APPPATH\Views\clientes\index.php on line 15.
 1 APPPATH\Views\clientes\index.php(15): CodeIgniter\Debug\Exceptions->errorHandler(2, 'Undefined variable $cliente', 'APPPATH\\Views\\clientes\\index.php', 15)
 2 SYSTEMPATH\View\View.php(213): include('APPPATH\\Views\\clientes\\index.php')
 3 SYSTEMPATH\View\View.php(216): CodeIgniter\View\View->CodeIgniter\View\{closure}()
 4 SYSTEMPATH\Common.php(1177): CodeIgniter\View\View->render('clientes/index', [], true)
 5 APPPATH\Controllers\Cliente.php(24): view('clientes/index', [...])
 6 SYSTEMPATH\CodeIgniter.php(934): App\Controllers\Cliente->index()
 7 SYSTEMPATH\CodeIgniter.php(499): CodeIgniter\CodeIgniter->runController(Object(App\Controllers\Cliente))
 8 SYSTEMPATH\CodeIgniter.php(368): CodeIgniter\CodeIgniter->handleRequest(null, Object(Config\Cache), false)
 9 FCPATH\index.php(67): CodeIgniter\CodeIgniter->run()
CRITICAL - 2024-02-27 12:19:54 --> Undefined array key "cliente_id"
in APPPATH\Views\clientes\index.php on line 85.
 1 APPPATH\Views\clientes\index.php(85): CodeIgniter\Debug\Exceptions->errorHandler(2, 'Undefined array key "cliente_id"', 'APPPATH\\Views\\clientes\\index.php', 85)
 2 SYSTEMPATH\View\View.php(213): include('APPPATH\\Views\\clientes\\index.php')
 3 SYSTEMPATH\View\View.php(216): CodeIgniter\View\View->CodeIgniter\View\{closure}()
 4 SYSTEMPATH\Common.php(1177): CodeIgniter\View\View->render('clientes/index', [], true)
 5 APPPATH\Controllers\Cliente.php(24): view('clientes/index', [...])
 6 SYSTEMPATH\CodeIgniter.php(934): App\Controllers\Cliente->index()
 7 SYSTEMPATH\CodeIgniter.php(499): CodeIgniter\CodeIgniter->runController(Object(App\Controllers\Cliente))
 8 SYSTEMPATH\CodeIgniter.php(368): CodeIgniter\CodeIgniter->handleRequest(null, Object(Config\Cache), false)
 9 FCPATH\index.php(67): CodeIgniter\CodeIgniter->run()
CRITICAL - 2024-02-27 13:34:32 --> Undefined variable $cliente
in APPPATH\Views\clientes\index.php on line 4.
 1 APPPATH\Views\clientes\index.php(4): CodeIgniter\Debug\Exceptions->errorHandler(2, 'Undefined variable $cliente', 'APPPATH\\Views\\clientes\\index.php', 4)
 2 SYSTEMPATH\View\View.php(213): include('APPPATH\\Views\\clientes\\index.php')
 3 SYSTEMPATH\View\View.php(216): CodeIgniter\View\View->CodeIgniter\View\{closure}()
 4 SYSTEMPATH\Common.php(1177): CodeIgniter\View\View->render('clientes/index', [], true)
 5 APPPATH\Controllers\Cliente.php(24): view('clientes/index', [...])
 6 SYSTEMPATH\CodeIgniter.php(934): App\Controllers\Cliente->index()
 7 SYSTEMPATH\CodeIgniter.php(499): CodeIgniter\CodeIgniter->runController(Object(App\Controllers\Cliente))
 8 SYSTEMPATH\CodeIgniter.php(368): CodeIgniter\CodeIgniter->handleRequest(null, Object(Config\Cache), false)
 9 FCPATH\index.php(67): CodeIgniter\CodeIgniter->run()
CRITICAL - 2024-02-27 13:34:36 --> Undefined variable $cliente
in APPPATH\Views\clientes\index.php on line 4.
 1 APPPATH\Views\clientes\index.php(4): CodeIgniter\Debug\Exceptions->errorHandler(2, 'Undefined variable $cliente', 'APPPATH\\Views\\clientes\\index.php', 4)
 2 SYSTEMPATH\View\View.php(213): include('APPPATH\\Views\\clientes\\index.php')
 3 SYSTEMPATH\View\View.php(216): CodeIgniter\View\View->CodeIgniter\View\{closure}()
 4 SYSTEMPATH\Common.php(1177): CodeIgniter\View\View->render('clientes/index', [], true)
 5 APPPATH\Controllers\Cliente.php(24): view('clientes/index', [...])
 6 SYSTEMPATH\CodeIgniter.php(934): App\Controllers\Cliente->index()
 7 SYSTEMPATH\CodeIgniter.php(499): CodeIgniter\CodeIgniter->runController(Object(App\Controllers\Cliente))
 8 SYSTEMPATH\CodeIgniter.php(368): CodeIgniter\CodeIgniter->handleRequest(null, Object(Config\Cache), false)
 9 FCPATH\index.php(67): CodeIgniter\CodeIgniter->run()
CRITICAL - 2024-02-27 13:38:03 --> Undefined variable $cliente
in APPPATH\Views\clientes\index.php on line 4.
 1 APPPATH\Views\clientes\index.php(4): CodeIgniter\Debug\Exceptions->errorHandler(2, 'Undefined variable $cliente', 'APPPATH\\Views\\clientes\\index.php', 4)
 2 SYSTEMPATH\View\View.php(213): include('APPPATH\\Views\\clientes\\index.php')
 3 SYSTEMPATH\View\View.php(216): CodeIgniter\View\View->CodeIgniter\View\{closure}()
 4 SYSTEMPATH\Common.php(1177): CodeIgniter\View\View->render('clientes/index', [], true)
 5 APPPATH\Controllers\Cliente.php(24): view('clientes/index', [...])
 6 SYSTEMPATH\CodeIgniter.php(934): App\Controllers\Cliente->index()
 7 SYSTEMPATH\CodeIgniter.php(499): CodeIgniter\CodeIgniter->runController(Object(App\Controllers\Cliente))
 8 SYSTEMPATH\CodeIgniter.php(368): CodeIgniter\CodeIgniter->handleRequest(null, Object(Config\Cache), false)
 9 FCPATH\index.php(67): CodeIgniter\CodeIgniter->run()
CRITICAL - 2024-02-27 13:40:02 --> Undefined variable $cliente
in APPPATH\Views\clientes\index.php on line 18.
 1 APPPATH\Views\clientes\index.php(18): CodeIgniter\Debug\Exceptions->errorHandler(2, 'Undefined variable $cliente', 'APPPATH\\Views\\clientes\\index.php', 18)
 2 SYSTEMPATH\View\View.php(213): include('APPPATH\\Views\\clientes\\index.php')
 3 SYSTEMPATH\View\View.php(216): CodeIgniter\View\View->CodeIgniter\View\{closure}()
 4 SYSTEMPATH\Common.php(1177): CodeIgniter\View\View->render('clientes/index', [], true)
 5 APPPATH\Controllers\Cliente.php(24): view('clientes/index', [...])
 6 SYSTEMPATH\CodeIgniter.php(934): App\Controllers\Cliente->index()
 7 SYSTEMPATH\CodeIgniter.php(499): CodeIgniter\CodeIgniter->runController(Object(App\Controllers\Cliente))
 8 SYSTEMPATH\CodeIgniter.php(368): CodeIgniter\CodeIgniter->handleRequest(null, Object(Config\Cache), false)
 9 FCPATH\index.php(67): CodeIgniter\CodeIgniter->run()
CRITICAL - 2024-02-27 14:29:02 --> Undefined variable $clientes
in APPPATH\Controllers\Cliente.php on line 71.
 1 APPPATH\Controllers\Cliente.php(71): CodeIgniter\Debug\Exceptions->errorHandler(2, 'Undefined variable $clientes', 'APPPATH\\Controllers\\Cliente.php', 71)
 2 SYSTEMPATH\Autoloader\Autoloader.php(312): include_once('APPPATH\\Controllers\\Cliente.php')
 3 SYSTEMPATH\Autoloader\Autoloader.php(289): CodeIgniter\Autoloader\Autoloader->includeFile('APPPATH\\Controllers\\Cliente.php')
 4 SYSTEMPATH\Autoloader\Autoloader.php(267): CodeIgniter\Autoloader\Autoloader->loadInNamespace('App\\Controllers\\Cliente')
 5 [internal function]: CodeIgniter\Autoloader\Autoloader->loadClass('App\\Controllers\\Cliente')
 6 SYSTEMPATH\CodeIgniter.php(892): class_exists('\\App\\Controllers\\Cliente', true)
 7 SYSTEMPATH\CodeIgniter.php(486): CodeIgniter\CodeIgniter->startController()
 8 SYSTEMPATH\CodeIgniter.php(368): CodeIgniter\CodeIgniter->handleRequest(null, Object(Config\Cache), false)
 9 FCPATH\index.php(67): CodeIgniter\CodeIgniter->run()
CRITICAL - 2024-02-27 14:59:00 --> Undefined variable $cliente
in APPPATH\Views\clientes\index.php on line 1.
 1 APPPATH\Views\clientes\index.php(1): CodeIgniter\Debug\Exceptions->errorHandler(2, 'Undefined variable $cliente', 'APPPATH\\Views\\clientes\\index.php', 1)
 2 SYSTEMPATH\View\View.php(213): include('APPPATH\\Views\\clientes\\index.php')
 3 SYSTEMPATH\View\View.php(216): CodeIgniter\View\View->CodeIgniter\View\{closure}()
 4 SYSTEMPATH\Common.php(1177): CodeIgniter\View\View->render('clientes/index', [], true)
 5 APPPATH\Controllers\Cliente.php(24): view('clientes/index', [...])
 6 SYSTEMPATH\CodeIgniter.php(934): App\Controllers\Cliente->index()
 7 SYSTEMPATH\CodeIgniter.php(499): CodeIgniter\CodeIgniter->runController(Object(App\Controllers\Cliente))
 8 SYSTEMPATH\CodeIgniter.php(368): CodeIgniter\CodeIgniter->handleRequest(null, Object(Config\Cache), false)
 9 FCPATH\index.php(67): CodeIgniter\CodeIgniter->run()
